[2022-01-11 14:54:22,197] {taskinstance.py:1035} INFO - Dependencies all met for <TaskInstance: verificacao_log.show_results manual__2022-01-11T14:54:21.427739+00:00 [queued]>
[2022-01-11 14:54:22,206] {taskinstance.py:1035} INFO - Dependencies all met for <TaskInstance: verificacao_log.show_results manual__2022-01-11T14:54:21.427739+00:00 [queued]>
[2022-01-11 14:54:22,206] {taskinstance.py:1241} INFO - 
--------------------------------------------------------------------------------
[2022-01-11 14:54:22,206] {taskinstance.py:1242} INFO - Starting attempt 1 of 1
[2022-01-11 14:54:22,206] {taskinstance.py:1243} INFO - 
--------------------------------------------------------------------------------
[2022-01-11 14:54:22,217] {taskinstance.py:1262} INFO - Executing <Task(PythonOperator): show_results> on 2022-01-11 14:54:21.427739+00:00
[2022-01-11 14:54:22,222] {standard_task_runner.py:52} INFO - Started process 598 to run task
[2022-01-11 14:54:22,224] {standard_task_runner.py:76} INFO - Running: ['***', 'tasks', 'run', 'verificacao_log', 'show_results', 'manual__2022-01-11T14:54:21.427739+00:00', '--job-id', '806', '--raw', '--subdir', 'DAGS_FOLDER/my_dag.py', '--cfg-path', '/tmp/tmp73_g6snh', '--error-file', '/tmp/tmp60wngoc6']
[2022-01-11 14:54:22,224] {standard_task_runner.py:77} INFO - Job 806: Subtask show_results
[2022-01-11 14:54:22,256] {logging_mixin.py:109} INFO - Running <TaskInstance: verificacao_log.show_results manual__2022-01-11T14:54:21.427739+00:00 [running]> on host e382db28423e
[2022-01-11 14:54:22,296] {taskinstance.py:1429} INFO - Exporting the following env vars:
AIRFLOW_CTX_DAG_OWNER=***
AIRFLOW_CTX_DAG_ID=verificacao_log
AIRFLOW_CTX_TASK_ID=show_results
AIRFLOW_CTX_EXECUTION_DATE=2022-01-11T14:54:21.427739+00:00
AIRFLOW_CTX_DAG_RUN_ID=manual__2022-01-11T14:54:21.427739+00:00
[2022-01-11 14:54:22,296] {taskinstance.py:1703} ERROR - Task failed with exception
Traceback (most recent call last):
  File "/home/airflow/.local/lib/python3.7/site-packages/airflow/models/taskinstance.py", line 1332, in _run_raw_task
    self._execute_task_with_callbacks(context)
  File "/home/airflow/.local/lib/python3.7/site-packages/airflow/models/taskinstance.py", line 1458, in _execute_task_with_callbacks
    result = self._execute_task(context, self.task)
  File "/home/airflow/.local/lib/python3.7/site-packages/airflow/models/taskinstance.py", line 1514, in _execute_task
    result = execute_callable(context=context)
  File "/home/airflow/.local/lib/python3.7/site-packages/airflow/operators/python.py", line 146, in execute
    context.update(self.op_kwargs)
TypeError: cannot convert dictionary update sequence element #0 to a sequence
[2022-01-11 14:54:22,310] {taskinstance.py:1280} INFO - Marking task as FAILED. dag_id=verificacao_log, task_id=show_results, execution_date=20220111T145421, start_date=20220111T145422, end_date=20220111T145422
[2022-01-11 14:54:22,322] {standard_task_runner.py:91} ERROR - Failed to execute job 806 for task show_results
Traceback (most recent call last):
  File "/home/airflow/.local/lib/python3.7/site-packages/airflow/task/task_runner/standard_task_runner.py", line 85, in _start_by_fork
    args.func(args, dag=self.dag)
  File "/home/airflow/.local/lib/python3.7/site-packages/airflow/cli/cli_parser.py", line 48, in command
    return func(*args, **kwargs)
  File "/home/airflow/.local/lib/python3.7/site-packages/airflow/utils/cli.py", line 92, in wrapper
    return f(*args, **kwargs)
  File "/home/airflow/.local/lib/python3.7/site-packages/airflow/cli/commands/task_command.py", line 292, in task_run
    _run_task_by_selected_method(args, dag, ti)
  File "/home/airflow/.local/lib/python3.7/site-packages/airflow/cli/commands/task_command.py", line 107, in _run_task_by_selected_method
    _run_raw_task(args, ti)
  File "/home/airflow/.local/lib/python3.7/site-packages/airflow/cli/commands/task_command.py", line 184, in _run_raw_task
    error_file=args.error_file,
  File "/home/airflow/.local/lib/python3.7/site-packages/airflow/utils/session.py", line 70, in wrapper
    return func(*args, session=session, **kwargs)
  File "/home/airflow/.local/lib/python3.7/site-packages/airflow/models/taskinstance.py", line 1332, in _run_raw_task
    self._execute_task_with_callbacks(context)
  File "/home/airflow/.local/lib/python3.7/site-packages/airflow/models/taskinstance.py", line 1458, in _execute_task_with_callbacks
    result = self._execute_task(context, self.task)
  File "/home/airflow/.local/lib/python3.7/site-packages/airflow/models/taskinstance.py", line 1514, in _execute_task
    result = execute_callable(context=context)
  File "/home/airflow/.local/lib/python3.7/site-packages/airflow/operators/python.py", line 146, in execute
    context.update(self.op_kwargs)
TypeError: cannot convert dictionary update sequence element #0 to a sequence
[2022-01-11 14:54:22,356] {local_task_job.py:154} INFO - Task exited with return code 1
[2022-01-11 14:54:22,380] {local_task_job.py:264} INFO - 0 downstream tasks scheduled from follow-on schedule check
