[2022-01-11 14:50:01,365] {taskinstance.py:1035} INFO - Dependencies all met for <TaskInstance: verificacao_log.show_results scheduled__2022-01-11T14:40:00+00:00 [queued]>
[2022-01-11 14:50:01,377] {taskinstance.py:1035} INFO - Dependencies all met for <TaskInstance: verificacao_log.show_results scheduled__2022-01-11T14:40:00+00:00 [queued]>
[2022-01-11 14:50:01,377] {taskinstance.py:1241} INFO - 
--------------------------------------------------------------------------------
[2022-01-11 14:50:01,377] {taskinstance.py:1242} INFO - Starting attempt 1 of 1
[2022-01-11 14:50:01,377] {taskinstance.py:1243} INFO - 
--------------------------------------------------------------------------------
[2022-01-11 14:50:01,386] {taskinstance.py:1262} INFO - Executing <Task(PythonOperator): show_results> on 2022-01-11 14:40:00+00:00
[2022-01-11 14:50:01,390] {standard_task_runner.py:52} INFO - Started process 395 to run task
[2022-01-11 14:50:01,393] {standard_task_runner.py:76} INFO - Running: ['***', 'tasks', 'run', 'verificacao_log', 'show_results', 'scheduled__2022-01-11T14:40:00+00:00', '--job-id', '802', '--raw', '--subdir', 'DAGS_FOLDER/my_dag.py', '--cfg-path', '/tmp/tmpz38kh9a7', '--error-file', '/tmp/tmppajyy_bu']
[2022-01-11 14:50:01,394] {standard_task_runner.py:77} INFO - Job 802: Subtask show_results
[2022-01-11 14:50:01,429] {logging_mixin.py:109} INFO - Running <TaskInstance: verificacao_log.show_results scheduled__2022-01-11T14:40:00+00:00 [running]> on host e382db28423e
[2022-01-11 14:50:01,472] {taskinstance.py:1429} INFO - Exporting the following env vars:
AIRFLOW_CTX_DAG_OWNER=***
AIRFLOW_CTX_DAG_ID=verificacao_log
AIRFLOW_CTX_TASK_ID=show_results
AIRFLOW_CTX_EXECUTION_DATE=2022-01-11T14:40:00+00:00
AIRFLOW_CTX_DAG_RUN_ID=scheduled__2022-01-11T14:40:00+00:00
[2022-01-11 14:50:01,472] {taskinstance.py:1703} ERROR - Task failed with exception
Traceback (most recent call last):
  File "/home/airflow/.local/lib/python3.7/site-packages/airflow/models/taskinstance.py", line 1332, in _run_raw_task
    self._execute_task_with_callbacks(context)
  File "/home/airflow/.local/lib/python3.7/site-packages/airflow/models/taskinstance.py", line 1458, in _execute_task_with_callbacks
    result = self._execute_task(context, self.task)
  File "/home/airflow/.local/lib/python3.7/site-packages/airflow/models/taskinstance.py", line 1514, in _execute_task
    result = execute_callable(context=context)
  File "/home/airflow/.local/lib/python3.7/site-packages/airflow/operators/python.py", line 151, in execute
    return_value = self.execute_callable()
  File "/home/airflow/.local/lib/python3.7/site-packages/airflow/operators/python.py", line 162, in execute_callable
    return self.python_callable(*self.op_args, **self.op_kwargs)
TypeError: show_results() missing 4 required positional arguments: 'MAX_TIMEOUT', 'log_text', 'date_time_str', and 'date_time_difference'
[2022-01-11 14:50:01,483] {taskinstance.py:1280} INFO - Marking task as FAILED. dag_id=verificacao_log, task_id=show_results, execution_date=20220111T144000, start_date=20220111T145001, end_date=20220111T145001
[2022-01-11 14:50:01,493] {standard_task_runner.py:91} ERROR - Failed to execute job 802 for task show_results
Traceback (most recent call last):
  File "/home/airflow/.local/lib/python3.7/site-packages/airflow/task/task_runner/standard_task_runner.py", line 85, in _start_by_fork
    args.func(args, dag=self.dag)
  File "/home/airflow/.local/lib/python3.7/site-packages/airflow/cli/cli_parser.py", line 48, in command
    return func(*args, **kwargs)
  File "/home/airflow/.local/lib/python3.7/site-packages/airflow/utils/cli.py", line 92, in wrapper
    return f(*args, **kwargs)
  File "/home/airflow/.local/lib/python3.7/site-packages/airflow/cli/commands/task_command.py", line 292, in task_run
    _run_task_by_selected_method(args, dag, ti)
  File "/home/airflow/.local/lib/python3.7/site-packages/airflow/cli/commands/task_command.py", line 107, in _run_task_by_selected_method
    _run_raw_task(args, ti)
  File "/home/airflow/.local/lib/python3.7/site-packages/airflow/cli/commands/task_command.py", line 184, in _run_raw_task
    error_file=args.error_file,
  File "/home/airflow/.local/lib/python3.7/site-packages/airflow/utils/session.py", line 70, in wrapper
    return func(*args, session=session, **kwargs)
  File "/home/airflow/.local/lib/python3.7/site-packages/airflow/models/taskinstance.py", line 1332, in _run_raw_task
    self._execute_task_with_callbacks(context)
  File "/home/airflow/.local/lib/python3.7/site-packages/airflow/models/taskinstance.py", line 1458, in _execute_task_with_callbacks
    result = self._execute_task(context, self.task)
  File "/home/airflow/.local/lib/python3.7/site-packages/airflow/models/taskinstance.py", line 1514, in _execute_task
    result = execute_callable(context=context)
  File "/home/airflow/.local/lib/python3.7/site-packages/airflow/operators/python.py", line 151, in execute
    return_value = self.execute_callable()
  File "/home/airflow/.local/lib/python3.7/site-packages/airflow/operators/python.py", line 162, in execute_callable
    return self.python_callable(*self.op_args, **self.op_kwargs)
TypeError: show_results() missing 4 required positional arguments: 'MAX_TIMEOUT', 'log_text', 'date_time_str', and 'date_time_difference'
[2022-01-11 14:50:01,525] {local_task_job.py:154} INFO - Task exited with return code 1
[2022-01-11 14:50:01,556] {local_task_job.py:264} INFO - 0 downstream tasks scheduled from follow-on schedule check
